<html>
<head>
<title>TestNG:  CucumberTests</title>
<link href="../testng.css" rel="stylesheet" type="text/css" />
<link href="../my-testng.css" rel="stylesheet" type="text/css" />

<style type="text/css">
.log { display: none;} 
.stack-trace { display: none;} 
</style>
<script type="text/javascript">
<!--
function flip(e) {
  current = e.style.display;
  if (current == 'block') {
    e.style.display = 'none';
    return 0;
  }
  else {
    e.style.display = 'block';
    return 1;
  }
}

function toggleBox(szDivId, elem, msg1, msg2)
{
  var res = -1;  if (document.getElementById) {
    res = flip(document.getElementById(szDivId));
  }
  else if (document.all) {
    // this is the way old msie versions work
    res = flip(document.all[szDivId]);
  }
  if(elem) {
    if(res == 0) elem.innerHTML = msg1; else elem.innerHTML = msg2;
  }

}

function toggleAllBoxes() {
  if (document.getElementsByTagName) {
    d = document.getElementsByTagName('div');
    for (i = 0; i < d.length; i++) {
      if (d[i].className == 'log') {
        flip(d[i]);
      }
    }
  }
}

// -->
</script>

</head>
<body>
<h2 align='center'>CucumberTests</h2><table border='1' align="center">
<tr>
<td>Tests passed/Failed/Skipped:</td><td>0/8/0</td>
</tr><tr>
<td>Started on:</td><td>Sat Sep 06 15:20:32 IST 2025</td>
</tr>
<tr><td>Total time:</td><td>1 seconds (1544 ms)</td>
</tr><tr>
<td>Included groups:</td><td></td>
</tr><tr>
<td>Excluded groups:</td><td></td>
</tr>
</table><p/>
<small><i>(Hover the method name to see the test class name)</i></small><p/>
<table width='100%' border='1' class='invocation-failed'>
<tr><td colspan='4' align='center'><b>FAILED TESTS</b></td></tr>
<tr><td><b>Test method</b></td>
<td><b>Attribute(s)</b></td>
<td width="30%"><b>Exception</b></td>
<td width="10%"><b>Time (seconds)</b></td>
<td><b>Instance</b></td>
</tr>
<tr>
<td title='runners.TestRunner.runScenario()'><b>runScenario</b><br>Test class: runners.TestRunner<br>Test method: Runs Cucumber Scenarios<br>Parameters: "Customer Login - Positive", "Customer Operations"</td>
<td><div><pre>java.util.NoSuchElementException: No value present
	at java.base/java.util.Optional.get(Optional.java:143)
	at io.github.bonigarcia.wdm.WebDriverManager.&lt;init&gt;(WebDriverManager.java:225)
	at io.github.bonigarcia.wdm.managers.ChromeDriverManager.&lt;init&gt;(ChromeDriverManager.java:51)
	at io.github.bonigarcia.wdm.WebDriverManager.chromedriver(WebDriverManager.java:236)
	at base.DriverFactory.initDriver(DriverFactory.java:16)
	at steps.Hooks.openBrowser(Hooks.java:20)
</pre></div><a href='#' onClick='toggleBox("stack-trace807872790", this, "Click to show all stack frames", "Click to hide stack frames")'>Click to show all stack frames</a>
<div class='stack-trace' id='stack-trace807872790'><pre>java.util.NoSuchElementException: No value present
	at java.base/java.util.Optional.get(Optional.java:143)
	at io.github.bonigarcia.wdm.WebDriverManager.&lt;init&gt;(WebDriverManager.java:225)
	at io.github.bonigarcia.wdm.managers.ChromeDriverManager.&lt;init&gt;(ChromeDriverManager.java:51)
	at io.github.bonigarcia.wdm.WebDriverManager.chromedriver(WebDriverManager.java:236)
	at base.DriverFactory.initDriver(DriverFactory.java:16)
	at steps.Hooks.openBrowser(Hooks.java:20)
</pre></div></td>
<td>0</td>
<td>runners.TestRunner@57a3af25</td></tr>
<tr>
<td title='runners.TestRunner.runScenario()'><b>runScenario</b><br>Test class: runners.TestRunner<br>Test method: Runs Cucumber Scenarios<br>Parameters: "Customer Login - Negative", "Customer Operations"</td>
<td><div><pre>java.util.NoSuchElementException: No value present
	at java.base/java.util.Optional.get(Optional.java:143)
	at io.github.bonigarcia.wdm.WebDriverManager.&lt;init&gt;(WebDriverManager.java:225)
	at io.github.bonigarcia.wdm.managers.ChromeDriverManager.&lt;init&gt;(ChromeDriverManager.java:51)
	at io.github.bonigarcia.wdm.WebDriverManager.chromedriver(WebDriverManager.java:236)
	at base.DriverFactory.initDriver(DriverFactory.java:16)
	at steps.Hooks.openBrowser(Hooks.java:20)
</pre></div><a href='#' onClick='toggleBox("stack-trace1542856295", this, "Click to show all stack frames", "Click to hide stack frames")'>Click to show all stack frames</a>
<div class='stack-trace' id='stack-trace1542856295'><pre>java.util.NoSuchElementException: No value present
	at java.base/java.util.Optional.get(Optional.java:143)
	at io.github.bonigarcia.wdm.WebDriverManager.&lt;init&gt;(WebDriverManager.java:225)
	at io.github.bonigarcia.wdm.managers.ChromeDriverManager.&lt;init&gt;(ChromeDriverManager.java:51)
	at io.github.bonigarcia.wdm.WebDriverManager.chromedriver(WebDriverManager.java:236)
	at base.DriverFactory.initDriver(DriverFactory.java:16)
	at steps.Hooks.openBrowser(Hooks.java:20)
</pre></div></td>
<td>0</td>
<td>runners.TestRunner@57a3af25</td></tr>
<tr>
<td title='runners.TestRunner.runScenario()'><b>runScenario</b><br>Test class: runners.TestRunner<br>Test method: Runs Cucumber Scenarios<br>Parameters: "Add customer with valid details", "Add New Customer (Manager Login)"</td>
<td><div><pre>java.util.NoSuchElementException: No value present
	at java.base/java.util.Optional.get(Optional.java:143)
	at io.github.bonigarcia.wdm.WebDriverManager.&lt;init&gt;(WebDriverManager.java:225)
	at io.github.bonigarcia.wdm.managers.ChromeDriverManager.&lt;init&gt;(ChromeDriverManager.java:51)
	at io.github.bonigarcia.wdm.WebDriverManager.chromedriver(WebDriverManager.java:236)
	at base.DriverFactory.initDriver(DriverFactory.java:16)
	at steps.Hooks.openBrowser(Hooks.java:20)
</pre></div><a href='#' onClick='toggleBox("stack-trace1517116047", this, "Click to show all stack frames", "Click to hide stack frames")'>Click to show all stack frames</a>
<div class='stack-trace' id='stack-trace1517116047'><pre>java.util.NoSuchElementException: No value present
	at java.base/java.util.Optional.get(Optional.java:143)
	at io.github.bonigarcia.wdm.WebDriverManager.&lt;init&gt;(WebDriverManager.java:225)
	at io.github.bonigarcia.wdm.managers.ChromeDriverManager.&lt;init&gt;(ChromeDriverManager.java:51)
	at io.github.bonigarcia.wdm.WebDriverManager.chromedriver(WebDriverManager.java:236)
	at base.DriverFactory.initDriver(DriverFactory.java:16)
	at steps.Hooks.openBrowser(Hooks.java:20)
</pre></div></td>
<td>0</td>
<td>runners.TestRunner@57a3af25</td></tr>
<tr>
<td title='runners.TestRunner.runScenario()'><b>runScenario</b><br>Test class: runners.TestRunner<br>Test method: Runs Cucumber Scenarios<br>Parameters: "Add customer with empty details", "Add New Customer (Manager Login)"</td>
<td><div><pre>java.util.NoSuchElementException: No value present
	at java.base/java.util.Optional.get(Optional.java:143)
	at io.github.bonigarcia.wdm.WebDriverManager.&lt;init&gt;(WebDriverManager.java:225)
	at io.github.bonigarcia.wdm.managers.ChromeDriverManager.&lt;init&gt;(ChromeDriverManager.java:51)
	at io.github.bonigarcia.wdm.WebDriverManager.chromedriver(WebDriverManager.java:236)
	at base.DriverFactory.initDriver(DriverFactory.java:16)
	at steps.Hooks.openBrowser(Hooks.java:20)
</pre></div><a href='#' onClick='toggleBox("stack-trace1279469670", this, "Click to show all stack frames", "Click to hide stack frames")'>Click to show all stack frames</a>
<div class='stack-trace' id='stack-trace1279469670'><pre>java.util.NoSuchElementException: No value present
	at java.base/java.util.Optional.get(Optional.java:143)
	at io.github.bonigarcia.wdm.WebDriverManager.&lt;init&gt;(WebDriverManager.java:225)
	at io.github.bonigarcia.wdm.managers.ChromeDriverManager.&lt;init&gt;(ChromeDriverManager.java:51)
	at io.github.bonigarcia.wdm.WebDriverManager.chromedriver(WebDriverManager.java:236)
	at base.DriverFactory.initDriver(DriverFactory.java:16)
	at steps.Hooks.openBrowser(Hooks.java:20)
</pre></div></td>
<td>0</td>
<td>runners.TestRunner@57a3af25</td></tr>
<tr>
<td title='runners.TestRunner.runScenario()'><b>runScenario</b><br>Test class: runners.TestRunner<br>Test method: Runs Cucumber Scenarios<br>Parameters: "Try to open account without selecting customer and currency", "Open New Account (Manager Login)"</td>
<td><div><pre>java.util.NoSuchElementException: No value present
	at java.base/java.util.Optional.get(Optional.java:143)
	at io.github.bonigarcia.wdm.WebDriverManager.&lt;init&gt;(WebDriverManager.java:225)
	at io.github.bonigarcia.wdm.managers.ChromeDriverManager.&lt;init&gt;(ChromeDriverManager.java:51)
	at io.github.bonigarcia.wdm.WebDriverManager.chromedriver(WebDriverManager.java:236)
	at base.DriverFactory.initDriver(DriverFactory.java:16)
	at steps.Hooks.openBrowser(Hooks.java:20)
</pre></div><a href='#' onClick='toggleBox("stack-trace429804587", this, "Click to show all stack frames", "Click to hide stack frames")'>Click to show all stack frames</a>
<div class='stack-trace' id='stack-trace429804587'><pre>java.util.NoSuchElementException: No value present
	at java.base/java.util.Optional.get(Optional.java:143)
	at io.github.bonigarcia.wdm.WebDriverManager.&lt;init&gt;(WebDriverManager.java:225)
	at io.github.bonigarcia.wdm.managers.ChromeDriverManager.&lt;init&gt;(ChromeDriverManager.java:51)
	at io.github.bonigarcia.wdm.WebDriverManager.chromedriver(WebDriverManager.java:236)
	at base.DriverFactory.initDriver(DriverFactory.java:16)
	at steps.Hooks.openBrowser(Hooks.java:20)
</pre></div></td>
<td>0</td>
<td>runners.TestRunner@57a3af25</td></tr>
<tr>
<td title='runners.TestRunner.runScenario()'><b>runScenario</b><br>Test class: runners.TestRunner<br>Test method: Runs Cucumber Scenarios<br>Parameters: "Deposit Amount - Positive", "Deposit Amount (Customer Role)"</td>
<td><div><pre>java.util.NoSuchElementException: No value present
	at java.base/java.util.Optional.get(Optional.java:143)
	at io.github.bonigarcia.wdm.WebDriverManager.&lt;init&gt;(WebDriverManager.java:225)
	at io.github.bonigarcia.wdm.managers.ChromeDriverManager.&lt;init&gt;(ChromeDriverManager.java:51)
	at io.github.bonigarcia.wdm.WebDriverManager.chromedriver(WebDriverManager.java:236)
	at base.DriverFactory.initDriver(DriverFactory.java:16)
	at steps.Hooks.openBrowser(Hooks.java:20)
</pre></div><a href='#' onClick='toggleBox("stack-trace1316001196", this, "Click to show all stack frames", "Click to hide stack frames")'>Click to show all stack frames</a>
<div class='stack-trace' id='stack-trace1316001196'><pre>java.util.NoSuchElementException: No value present
	at java.base/java.util.Optional.get(Optional.java:143)
	at io.github.bonigarcia.wdm.WebDriverManager.&lt;init&gt;(WebDriverManager.java:225)
	at io.github.bonigarcia.wdm.managers.ChromeDriverManager.&lt;init&gt;(ChromeDriverManager.java:51)
	at io.github.bonigarcia.wdm.WebDriverManager.chromedriver(WebDriverManager.java:236)
	at base.DriverFactory.initDriver(DriverFactory.java:16)
	at steps.Hooks.openBrowser(Hooks.java:20)
</pre></div></td>
<td>0</td>
<td>runners.TestRunner@57a3af25</td></tr>
<tr>
<td title='runners.TestRunner.runScenario()'><b>runScenario</b><br>Test class: runners.TestRunner<br>Test method: Runs Cucumber Scenarios<br>Parameters: "Open account for existing customer", "Open New Account (Manager Login)"</td>
<td><div><pre>java.util.NoSuchElementException: No value present
	at java.base/java.util.Optional.get(Optional.java:143)
	at io.github.bonigarcia.wdm.WebDriverManager.&lt;init&gt;(WebDriverManager.java:225)
	at io.github.bonigarcia.wdm.managers.ChromeDriverManager.&lt;init&gt;(ChromeDriverManager.java:51)
	at io.github.bonigarcia.wdm.WebDriverManager.chromedriver(WebDriverManager.java:236)
	at base.DriverFactory.initDriver(DriverFactory.java:16)
	at steps.Hooks.openBrowser(Hooks.java:20)
</pre></div><a href='#' onClick='toggleBox("stack-trace574077658", this, "Click to show all stack frames", "Click to hide stack frames")'>Click to show all stack frames</a>
<div class='stack-trace' id='stack-trace574077658'><pre>java.util.NoSuchElementException: No value present
	at java.base/java.util.Optional.get(Optional.java:143)
	at io.github.bonigarcia.wdm.WebDriverManager.&lt;init&gt;(WebDriverManager.java:225)
	at io.github.bonigarcia.wdm.managers.ChromeDriverManager.&lt;init&gt;(ChromeDriverManager.java:51)
	at io.github.bonigarcia.wdm.WebDriverManager.chromedriver(WebDriverManager.java:236)
	at base.DriverFactory.initDriver(DriverFactory.java:16)
	at steps.Hooks.openBrowser(Hooks.java:20)
</pre></div></td>
<td>0</td>
<td>runners.TestRunner@57a3af25</td></tr>
<tr>
<td title='runners.TestRunner.runScenario()'><b>runScenario</b><br>Test class: runners.TestRunner<br>Test method: Runs Cucumber Scenarios<br>Parameters: "Deposit Amount - Negative", "Deposit Amount (Customer Role)"</td>
<td><div><pre>java.util.NoSuchElementException: No value present
	at java.base/java.util.Optional.get(Optional.java:143)
	at io.github.bonigarcia.wdm.WebDriverManager.&lt;init&gt;(WebDriverManager.java:225)
	at io.github.bonigarcia.wdm.managers.ChromeDriverManager.&lt;init&gt;(ChromeDriverManager.java:51)
	at io.github.bonigarcia.wdm.WebDriverManager.chromedriver(WebDriverManager.java:236)
	at base.DriverFactory.initDriver(DriverFactory.java:16)
	at steps.Hooks.openBrowser(Hooks.java:20)
</pre></div><a href='#' onClick='toggleBox("stack-trace460333119", this, "Click to show all stack frames", "Click to hide stack frames")'>Click to show all stack frames</a>
<div class='stack-trace' id='stack-trace460333119'><pre>java.util.NoSuchElementException: No value present
	at java.base/java.util.Optional.get(Optional.java:143)
	at io.github.bonigarcia.wdm.WebDriverManager.&lt;init&gt;(WebDriverManager.java:225)
	at io.github.bonigarcia.wdm.managers.ChromeDriverManager.&lt;init&gt;(ChromeDriverManager.java:51)
	at io.github.bonigarcia.wdm.WebDriverManager.chromedriver(WebDriverManager.java:236)
	at base.DriverFactory.initDriver(DriverFactory.java:16)
	at steps.Hooks.openBrowser(Hooks.java:20)
</pre></div></td>
<td>0</td>
<td>runners.TestRunner@57a3af25</td></tr>
</table><p>
</body>
</html>